<?xml version="1.0" encoding="UTF-8"?>
<!-- Generated by org.testng.reporters.JUnitReportReporter -->
<testsuite hostname="LAPTOP-T5CTOTIT" failures="0" tests="1" name="com.hybridframework.inetbanking.testcases.NewCustomer0002" time="15.477" errors="0" timestamp="2022-05-15T00:03:30 IST" skipped="0">
  <testcase classname="com.hybridframework.inetbanking.testcases.NewCustomer0002" name="verifyLoginBtnFunctinalityTC001" time="15.477"/>
  <system-out/>
</testsuite> <!-- com.hybridframework.inetbanking.testcases.NewCustomer0002 -->
