<?xml version="1.0" encoding="UTF-8"?>
<!-- Generated by org.testng.reporters.JUnitReportReporter -->
<testsuite hostname="LAPTOP-T5CTOTIT" failures="0" tests="1" name="com.hybridframework.inetbanking.testcases.ScreenshotCapture" time="3.661" errors="0" timestamp="2022-05-15T00:20:17 IST" skipped="0">
  <testcase classname="com.hybridframework.inetbanking.testcases.ScreenshotCapture" name="verifyLoginBtnTC0000001" time="3.661"/>
  <system-out/>
</testsuite> <!-- com.hybridframework.inetbanking.testcases.ScreenshotCapture -->
