<?xml version="1.0" encoding="UTF-8"?>
<!-- Generated by org.testng.reporters.JUnitReportReporter -->
<testsuite hostname="LAPTOP-T5CTOTIT" failures="0" tests="1" name="com.hybridframework.inetbanking.testcases.LoginTC0001" time="2.507" errors="0" timestamp="2022-05-15T00:00:43 IST" skipped="0">
  <testcase classname="com.hybridframework.inetbanking.testcases.LoginTC0001" name="verifyLoginBtnTC0000001" time="2.507"/>
  <system-out/>
</testsuite> <!-- com.hybridframework.inetbanking.testcases.LoginTC0001 -->
