<?xml version="1.0" encoding="UTF-8"?>
<!-- Generated by org.testng.reporters.JUnitReportReporter -->
<testsuite hostname="LAPTOP-T5CTOTIT" failures="0" tests="5" name="com.hybridframework.inetbanking.testcases.HomeTestCases" time="9.218" errors="0" timestamp="2022-05-08T12:44:09 IST" skipped="0">
  <testcase classname="com.hybridframework.inetbanking.testcases.HomeTestCases" name="verifyLoginBtnTC0000001" time="6.118"/>
  <system-out/>
  <testcase classname="com.hybridframework.inetbanking.testcases.HomeTestCases" name="navigateToLogOutCustomer" time="0.156"/>
  <system-out/>
  <testcase classname="com.hybridframework.inetbanking.testcases.HomeTestCases" name="navigateToNewCustomer" time="0.528"/>
  <system-out/>
  <testcase classname="com.hybridframework.inetbanking.testcases.HomeTestCases" name="navigateToEditCustomer" time="1.235"/>
  <system-out/>
  <testcase classname="com.hybridframework.inetbanking.testcases.HomeTestCases" name="navigateToDeleteCustomer" time="1.181"/>
  <system-out/>
</testsuite> <!-- com.hybridframework.inetbanking.testcases.HomeTestCases -->
